<?xml version="1.0" encoding="UTF-8"?>
<testsuite xmlns:xsi="http://www.w3.org/2001/XMLSchema-instance" xsi:noNamespaceSchemaLocation="https://maven.apache.org/surefire/maven-surefire-plugin/xsd/surefire-test-report.xsd" name="org.com.gridsingularity.TestRunner" time="273.604" tests="4" errors="1" skipped="0" failures="0">
  <properties>
[...]
</properties>
  <testcase name="EMPTY_NAME" classname="To Test Successfull Sign Up for User" time="139.981">
    <error message="Failed to instantiate class org.com.gridsingularity.stepdefinitions.MyStepdefs" type="cucumber.runtime.CucumberException">cucumber.runtime.CucumberException: Failed to instantiate class org.com.gridsingularity.stepdefinitions.MyStepdefs
Caused by: java.lang.reflect.InvocationTargetException
Caused by: org.openqa.selenium.WebDriverException: 
chrome not reachable
  (Driver info: chromedriver=91.0.4472.19 (1bf021f248676a0b2ab3ee0561d83a59e424c23e-refs/branch-heads/4472@{#288}),platform=Windows NT 6.1.7601 SP1 x86_64) (WARNING: The server did not provide any stacktrace information)
Command duration or timeout: 71.42 seconds
Build info: version: '2.39.0', revision: '14fa800511cc5d66d426e08b0b2ab926c7ed7398', time: '2013-12-16 13:18:38'
System info: host: 'Anand-PC', ip: '192.168.29.83', os.name: 'Windows 7', os.arch: 'amd64', os.version: '6.1', java.version: '1.8.0_291'
Driver info: org.openqa.selenium.chrome.ChromeDriver
</error>
    <system-out><![CDATA[Feature: To Test Successfull Sign Up for User

  Background:                        &amp#27;[90m# src/test/java/org/com/gridsingularity/resources/TC001_SignUpTest.feature:3&amp#27;[0m
    &amp#27;[31mGiven &amp#27;[0m&amp#27;[31mTest DAO is Up and Running&amp#27;[0m &amp#27;[90m# MyStepdefs.testDAOIsUpAndRunning()&amp#27;[0m
      &amp#27;[31mcucumber.runtime.CucumberException: Failed to instantiate class org.com.gridsingularity.stepdefinitions.MyStepdefs
	at cucumber.runtime.java.DefaultJavaObjectFactory.cacheNewInstance(DefaultJavaObjectFactory.java:47)
	at cucumber.runtime.java.DefaultJavaObjectFactory.getInstance(DefaultJavaObjectFactory.java:33)
	at cucumber.runtime.java.JavaStepDefinition.execute(JavaStepDefinition.java:37)
	at cucumber.runtime.StepDefinitionMatch.runStep(StepDefinitionMatch.java:40)
	at cucumber.api.TestStep.executeStep(TestStep.java:102)
	at cucumber.api.TestStep.run(TestStep.java:83)
	at cucumber.api.TestCase.run(TestCase.java:58)
	at cucumber.runner.Runner.runPickle(Runner.java:80)
	at cucumber.runtime.junit.PickleRunners$NoStepDescriptions.run(PickleRunners.java:140)
	at cucumber.runtime.junit.FeatureRunner.runChild(FeatureRunner.java:68)
	at cucumber.runtime.junit.FeatureRunner.runChild(FeatureRunner.java:23)
	at org.junit.runners.ParentRunner$3.run(ParentRunner.java:290)
	at org.junit.runners.ParentRunner$1.schedule(ParentRunner.java:71)
	at org.junit.runners.ParentRunner.runChildren(ParentRunner.java:288)
	at org.junit.runners.ParentRunner.access$000(ParentRunner.java:58)
	at org.junit.runners.ParentRunner$2.evaluate(ParentRunner.java:268)
	at org.junit.runners.ParentRunner.run(ParentRunner.java:363)
	at cucumber.runtime.junit.FeatureRunner.run(FeatureRunner.java:73)
	at cucumber.api.junit.Cucumber.runChild(Cucumber.java:118)
	at cucumber.api.junit.Cucumber.runChild(Cucumber.java:56)
	at org.junit.runners.ParentRunner$3.run(ParentRunner.java:290)
	at org.junit.runners.ParentRunner$1.schedule(ParentRunner.java:71)
	at org.junit.runners.ParentRunner.runChildren(ParentRunner.java:288)
	at org.junit.runners.ParentRunner.access$000(ParentRunner.java:58)
	at org.junit.runners.ParentRunner$2.evaluate(ParentRunner.java:268)
	at cucumber.api.junit.Cucumber$1.evaluate(Cucumber.java:127)
	at org.junit.runners.ParentRunner.run(ParentRunner.java:363)
	at org.apache.maven.surefire.junit4.JUnit4Provider.execute(JUnit4Provider.java:365)
	at org.apache.maven.surefire.junit4.JUnit4Provider.executeWithRerun(JUnit4Provider.java:273)
	at org.apache.maven.surefire.junit4.JUnit4Provider.executeTestSet(JUnit4Provider.java:238)
	at org.apache.maven.surefire.junit4.JUnit4Provider.invoke(JUnit4Provider.java:159)
	at org.apache.maven.surefire.booter.ForkedBooter.invokeProviderInSameClassLoader(ForkedBooter.java:384)
	at org.apache.maven.surefire.booter.ForkedBooter.runSuitesInProcess(ForkedBooter.java:345)
	at org.apache.maven.surefire.booter.ForkedBooter.execute(ForkedBooter.java:126)
	at org.apache.maven.surefire.booter.ForkedBooter.main(ForkedBooter.java:418)
Caused by: java.lang.reflect.InvocationTargetException
	at sun.reflect.NativeConstructorAccessorImpl.newInstance0(Native Method)
	at sun.reflect.NativeConstructorAccessorImpl.newInstance(NativeConstructorAccessorImpl.java:62)
	at sun.reflect.DelegatingConstructorAccessorImpl.newInstance(DelegatingConstructorAccessorImpl.java:45)
	at java.lang.reflect.Constructor.newInstance(Constructor.java:423)
	at cucumber.runtime.java.DefaultJavaObjectFactory.cacheNewInstance(DefaultJavaObjectFactory.java:41)
	... 34 more
Caused by: org.openqa.selenium.WebDriverException: chrome not reachable
  (Driver info: chromedriver=91.0.4472.19 (1bf021f248676a0b2ab3ee0561d83a59e424c23e-refs/branch-heads/4472@{#288}),platform=Windows NT 6.1.7601 SP1 x86_64) (WARNING: The server did not provide any stacktrace information)
Command duration or timeout: 71.42 seconds
Build info: version: '2.39.0', revision: '14fa800511cc5d66d426e08b0b2ab926c7ed7398', time: '2013-12-16 13:18:38'
System info: host: 'Anand-PC', ip: '192.168.29.83', os.name: 'Windows 7', os.arch: 'amd64', os.version: '6.1', java.version: '1.8.0_291'
Driver info: org.openqa.selenium.chrome.ChromeDriver
	at sun.reflect.NativeConstructorAccessorImpl.newInstance0(Native Method)
	at sun.reflect.NativeConstructorAccessorImpl.newInstance(NativeConstructorAccessorImpl.java:62)
	at sun.reflect.DelegatingConstructorAccessorImpl.newInstance(DelegatingConstructorAccessorImpl.java:45)
	at java.lang.reflect.Constructor.newInstance(Constructor.java:423)
	at org.openqa.selenium.remote.ErrorHandler.createThrowable(ErrorHandler.java:193)
	at org.openqa.selenium.remote.ErrorHandler.throwIfResponseFailed(ErrorHandler.java:145)
	at org.openqa.selenium.remote.RemoteWebDriver.execute(RemoteWebDriver.java:554)
	at org.openqa.selenium.remote.RemoteWebDriver.startSession(RemoteWebDriver.java:216)
	at org.openqa.selenium.chrome.ChromeDriver.startSession(ChromeDriver.java:182)
	at org.openqa.selenium.remote.RemoteWebDriver.<init>(RemoteWebDriver.java:111)
	at org.openqa.selenium.remote.RemoteWebDriver.<init>(RemoteWebDriver.java:115)
	at org.openqa.selenium.chrome.ChromeDriver.<init>(ChromeDriver.java:161)
	at org.openqa.selenium.chrome.ChromeDriver.<init>(ChromeDriver.java:129)
	at org.com.gridsingularity.stepdefinitions.MyStepdefs.<init>(MyStepdefs.java:38)
	... 39 more
&amp#27;[0m

  Scenario:                                               &amp#27;[90m# src/test/java/org/com/gridsingularity/resources/TC001_SignUpTest.feature:7&amp#27;[0m
    &amp#27;[36mWhen &amp#27;[0m&amp#27;[36mUser click on the Link CreateNewAccount&amp#27;[0m          &amp#27;[90m# MyStepdefs.userClickOnTheLinkCreateNewAccount()&amp#27;[0m
    &amp#27;[36mAnd &amp#27;[0m&amp#27;[36mUser enters email as "&amp#27;[0m&amp#27;[36m&amp#27;[1manandkumard@gmail.com&amp#27;[0m&amp#27;[36m"&amp#27;[0m      &amp#27;[90m# MyStepdefs.userEntersEmailAs(String)&amp#27;[0m
    &amp#27;[36mAnd &amp#27;[0m&amp#27;[36mUser enters name as "&amp#27;[0m&amp#27;[36m&amp#27;[1mAnandkumar T&amp#27;[0m&amp#27;[36m"&amp#27;[0m                &amp#27;[90m# MyStepdefs.userEntersNameAs(String)&amp#27;[0m
    &amp#27;[36mAnd &amp#27;[0m&amp#27;[36mUser enters organization as "&amp#27;[0m&amp#27;[36m&amp#27;[1mITC&amp#27;[0m&amp#27;[36m"&amp#27;[0m                 &amp#27;[90m# MyStepdefs.userEntersOrganizationAs(String)&amp#27;[0m
    &amp#27;[36mAnd &amp#27;[0m&amp#27;[36mUser enters password as "&amp#27;[0m&amp#27;[36m&amp#27;[1mGrid_SingularityTest001&amp#27;[0m&amp#27;[36m"&amp#27;[0m &amp#27;[90m# MyStepdefs.userEntersPasswordAs(String)&amp#27;[0m
    &amp#27;[36mAnd &amp#27;[0m&amp#27;[36mUser Click on Agree Checkbox&amp#27;[0m                      &amp#27;[90m# MyStepdefs.userClickOnAgreeCheckbox()&amp#27;[0m
    &amp#27;[36mAnd &amp#27;[0m&amp#27;[36mClick on next button on sign up page&amp#27;[0m              &amp#27;[90m# MyStepdefs.clickOnNextButtonOnSignUpPage()&amp#27;[0m
    &amp#27;[36mThen &amp#27;[0m&amp#27;[36mUser Should be signed up successfully&amp#27;[0m            &amp#27;[90m# MyStepdefs.userShouldBeSignedUpSuccessfully()&amp#27;[0m
]]></system-out>
    <system-err><![CDATA[Starting ChromeDriver 91.0.4472.19 (1bf021f248676a0b2ab3ee0561d83a59e424c23e-refs/branch-heads/4472@{#288}) on port 49150
Only local connections are allowed.
Please see https://chromedriver.chromium.org/security-considerations for suggestions on keeping ChromeDriver safe.
ChromeDriver was started successfully.
Starting ChromeDriver 91.0.4472.19 (1bf021f248676a0b2ab3ee0561d83a59e424c23e-refs/branch-heads/4472@{#288}) on port 12220
Only local connections are allowed.
Please see https://chromedriver.chromium.org/security-considerations for suggestions on keeping ChromeDriver safe.
ChromeDriver was started successfully.
[1624269635.839][WARNING]: Timed out connecting to Chrome, retrying...
]]></system-err>
  </testcase>
  <testcase name="EMPTY_NAME" classname="To Test Successfull Login for User" time="65.511"/>
  <testcase name="EMPTY_NAME" classname="To Test &amp; Verify if User is able to create a new project" time="24.68"/>
  <testcase name="EMPTY_NAME" classname="To Test &amp; Verify if User is able to craete a new simulation for project" time="39.593"/>
</testsuite>